# JRE version: Java(TM) SE Runtime Environment (8.0_101-b13) (build 1.8.0_101-b13)
# Java VM: Java HotSpot(TM) 64-Bit Server VM (25.101-b13 mixed mode bsd-amd64 compressed oops)
Heap:
 PSYoungGen      total 556544K, used 249098K [0x0000000795580000, 0x00000007c0000000, 0x00000007c0000000)
  eden space 472576K, 35% used [0x0000000795580000,0x000000079f71ac80,0x00000007b2300000)
  from space 83968K, 99% used [0x00000007b2300000,0x00000007b74a7cc8,0x00000007b7500000)
  to   space 115200K, 0% used [0x00000007b8f80000,0x00000007b8f80000,0x00000007c0000000)
 ParOldGen       total 196096K, used 65790K [0x0000000740000000, 0x000000074bf80000, 0x0000000795580000)
  object space 196096K, 33% used [0x0000000740000000,0x000000074403fb48,0x000000074bf80000)
 Metaspace       used 267919K, capacity 270468K, committed 271232K, reserved 1282048K
  class space    used 37084K, capacity 37909K, committed 38016K, reserved 1048576K
GC Heap History (10 events):
Event: 61220.134 GC heap before
{Heap before GC invocations=36 (full 5):
 PSYoungGen      total 592384K, used 571358K [0x0000000795580000, 0x00000007c0000000, 0x00000007c0000000)
  eden space 494080K, 100% used [0x0000000795580000,0x00000007b3800000,0x00000007b3800000)
  from space 98304K, 78% used [0x00000007ba000000,0x00000007beb77a90,0x00000007c0000000)
  to   space 102400K, 0% used [0x00000007b3800000,0x00000007b3800000,0x00000007b9c00000)
 ParOldGen       total 196096K, used 65734K [0x0000000740000000, 0x000000074bf80000, 0x0000000795580000)
  object space 196096K, 33% used [0x0000000740000000,0x0000000744031b48,0x000000074bf80000)
 Metaspace       used 229052K, capacity 231134K, committed 231808K, reserved 1249280K
  class space    used 31646K, capacity 32336K, committed 32384K, reserved 1048576K
Event: 61220.179 GC heap after
Heap after GC invocations=36 (full 5):
 PSYoungGen      total 570880K, used 76288K [0x0000000795580000, 0x00000007c0000000, 0x00000007c0000000)
  eden space 494080K, 0% used [0x0000000795580000,0x0000000795580000,0x00000007b3800000)
  from space 76800K, 99% used [0x00000007b3800000,0x00000007b82802e8,0x00000007b8300000)
  to   space 104960K, 0% used [0x00000007b9980000,0x00000007b9980000,0x00000007c0000000)
 ParOldGen       total 196096K, used 65742K [0x0000000740000000, 0x000000074bf80000, 0x0000000795580000)
  object space 196096K, 33% used [0x0000000740000000,0x0000000744033b48,0x000000074bf80000)
 Metaspace       used 229052K, capacity 231134K, committed 231808K, reserved 1249280K
  class space    used 31646K, capacity 32336K, committed 32384K, reserved 1048576K
}
Event: 61232.740 GC heap before
{Heap before GC invocations=37 (full 5):
 PSYoungGen      total 570880K, used 570368K [0x0000000795580000, 0x00000007c0000000, 0x00000007c0000000)
  eden space 494080K, 100% used [0x0000000795580000,0x00000007b3800000,0x00000007b3800000)
  from space 76800K, 99% used [0x00000007b3800000,0x00000007b82802e8,0x00000007b8300000)
  to   space 104960K, 0% used [0x00000007b9980000,0x00000007b9980000,0x00000007c0000000)
 ParOldGen       total 196096K, used 65742K [0x0000000740000000, 0x000000074bf80000, 0x0000000795580000)
  object space 196096K, 33% used [0x0000000740000000,0x0000000744033b48,0x000000074bf80000)
 Metaspace       used 238294K, capacity 240484K, committed 241152K, reserved 1257472K
  class space    used 32944K, capacity 33669K, committed 33792K, reserved 1048576K
Event: 61232.792 GC heap after
Heap after GC invocations=37 (full 5):
 PSYoungGen      total 587776K, used 80016K [0x0000000795580000, 0x00000007c0000000, 0x00000007c0000000)
  eden space 482816K, 0% used [0x0000000795580000,0x0000000795580000,0x00000007b2d00000)
  from space 104960K, 76% used [0x00000007b9980000,0x00000007be7a41c8,0x00000007c0000000)
  to   space 108032K, 0% used [0x00000007b2d00000,0x00000007b2d00000,0x00000007b9680000)
 ParOldGen       total 196096K, used 65742K [0x0000000740000000, 0x000000074bf80000, 0x0000000795580000)
  object space 196096K, 33% used [0x0000000740000000,0x0000000744033b48,0x000000074bf80000)
 Metaspace       used 238294K, capacity 240484K, committed 241152K, reserved 1257472K
  class space    used 32944K, capacity 33669K, committed 33792K, reserved 1048576K
}
Event: 61455.339 GC heap before
{Heap before GC invocations=38 (full 5):
 PSYoungGen      total 587776K, used 562832K [0x0000000795580000, 0x00000007c0000000, 0x00000007c0000000)
  eden space 482816K, 100% used [0x0000000795580000,0x00000007b2d00000,0x00000007b2d00000)
  from space 104960K, 76% used [0x00000007b9980000,0x00000007be7a41c8,0x00000007c0000000)
  to   space 108032K, 0% used [0x00000007b2d00000,0x00000007b2d00000,0x00000007b9680000)
 ParOldGen       total 196096K, used 65742K [0x0000000740000000, 0x000000074bf80000, 0x0000000795580000)
  object space 196096K, 33% used [0x0000000740000000,0x0000000744033b48,0x000000074bf80000)
 Metaspace       used 247521K, capacity 249786K, committed 250624K, reserved 1265664K
  class space    used 34237K, capacity 34994K, committed 35072K, reserved 1048576K
Event: 61455.387 GC heap after
Heap after GC invocations=38 (full 5):
 PSYoungGen      total 564224K, used 80972K [0x0000000795580000, 0x00000007c0000000, 0x00000007c0000000)
  eden space 482816K, 0% used [0x0000000795580000,0x0000000795580000,0x00000007b2d00000)
  from space 81408K, 99% used [0x00000007b2d00000,0x00000007b7c131e0,0x00000007b7c80000)
  to   space 110592K, 0% used [0x00000007b9400000,0x00000007b9400000,0x00000007c0000000)
 ParOldGen       total 196096K, used 65750K [0x0000000740000000, 0x000000074bf80000, 0x0000000795580000)
  object space 196096K, 33% used [0x0000000740000000,0x0000000744035b48,0x000000074bf80000)
 Metaspace       used 247521K, capacity 249786K, committed 250624K, reserved 1265664K
  class space    used 34237K, capacity 34994K, committed 35072K, reserved 1048576K
}
Event: 61587.582 GC heap before
{Heap before GC invocations=39 (full 5):
 PSYoungGen      total 564224K, used 563788K [0x0000000795580000, 0x00000007c0000000, 0x00000007c0000000)
  eden space 482816K, 100% used [0x0000000795580000,0x00000007b2d00000,0x00000007b2d00000)
  from space 81408K, 99% used [0x00000007b2d00000,0x00000007b7c131e0,0x00000007b7c80000)
  to   space 110592K, 0% used [0x00000007b9400000,0x00000007b9400000,0x00000007c0000000)
 ParOldGen       total 196096K, used 65750K [0x0000000740000000, 0x000000074bf80000, 0x0000000795580000)
  object space 196096K, 33% used [0x0000000740000000,0x0000000744035b48,0x000000074bf80000)
 Metaspace       used 256734K, capacity 259152K, committed 259840K, reserved 1273856K
  class space    used 35530K, capacity 36319K, committed 36352K, reserved 1048576K
Event: 61587.636 GC heap after
Heap after GC invocations=39 (full 5):
 PSYoungGen      total 583168K, used 83719K [0x0000000795580000, 0x00000007c0000000, 0x00000007c0000000)
  eden space 472576K, 0% used [0x0000000795580000,0x0000000795580000,0x00000007b2300000)
  from space 110592K, 75% used [0x00000007b9400000,0x00000007be5c1f20,0x00000007c0000000)
  to   space 113152K, 0% used [0x00000007b2300000,0x00000007b2300000,0x00000007b9180000)
 ParOldGen       total 196096K, used 65758K [0x0000000740000000, 0x000000074bf80000, 0x0000000795580000)
  object space 196096K, 33% used [0x0000000740000000,0x0000000744037b48,0x000000074bf80000)
 Metaspace       used 256734K, capacity 259152K, committed 259840K, reserved 1273856K
  class space    used 35530K, capacity 36319K, committed 36352K, reserved 1048576K
}
Event: 61659.846 GC heap before
{Heap before GC invocations=40 (full 5):
 PSYoungGen      total 583168K, used 556295K [0x0000000795580000, 0x00000007c0000000, 0x00000007c0000000)
  eden space 472576K, 100% used [0x0000000795580000,0x00000007b2300000,0x00000007b2300000)
  from space 110592K, 75% used [0x00000007b9400000,0x00000007be5c1f20,0x00000007c0000000)
  to   space 113152K, 0% used [0x00000007b2300000,0x00000007b2300000,0x00000007b9180000)
 ParOldGen       total 196096K, used 65758K [0x0000000740000000, 0x000000074bf80000, 0x0000000795580000)
  object space 196096K, 33% used [0x0000000740000000,0x0000000744037b48,0x000000074bf80000)
 Metaspace       used 265951K, capacity 268454K, committed 269440K, reserved 1282048K
  class space    used 36823K, capacity 37644K, committed 37760K, reserved 1048576K
Event: 61659.920 GC heap after
Heap after GC invocations=40 (full 5):
 PSYoungGen      total 556544K, used 83615K [0x0000000795580000, 0x00000007c0000000, 0x00000007c0000000)
  eden space 472576K, 0% used [0x0000000795580000,0x0000000795580000,0x00000007b2300000)
  from space 83968K, 99% used [0x00000007b2300000,0x00000007b74a7cc8,0x00000007b7500000)
  to   space 115200K, 0% used [0x00000007b8f80000,0x00000007b8f80000,0x00000007c0000000)
 ParOldGen       total 196096K, used 65790K [0x0000000740000000, 0x000000074bf80000, 0x0000000795580000)
  object space 196096K, 33% used [0x0000000740000000,0x000000074403fb48,0x000000074bf80000)
 Metaspace       used 265951K, capacity 268454K, committed 269440K, reserved 1282048K
  class space    used 36823K, capacity 37644K, committed 37760K, reserved 1048576K
}

